<?xml version="1.0" encoding="UTF-8"?>
<!-- Generated by org.testng.reporters.JUnitReportReporter -->
<testsuite hostname="PSL-D8LCDN3" failures="0" tests="4" name="lambdaTest.TestScenario3" time="160.614" errors="0" timestamp="2023-08-09T18:26:42 IST" skipped="0">
  <testcase classname="lambdaTest.TestScenario3" name="inputFormSubmit" time="42.051"/>
  <system-out/>
  <testcase classname="lambdaTest.TestScenario3" name="inputFormSubmit" time="39.889"/>
  <system-out/>
  <testcase classname="lambdaTest.TestScenario3" name="inputFormSubmit" time="39.880"/>
  <system-out/>
  <testcase classname="lambdaTest.TestScenario3" name="inputFormSubmit" time="38.794"/>
  <system-out/>
</testsuite> <!-- lambdaTest.TestScenario3 -->
