<?xml version="1.0" encoding="UTF-8"?>
<!-- Generated by org.testng.reporters.JUnitReportReporter -->
<testsuite hostname="PSL-D8LCDN3" failures="0" tests="4" name="lambdaTest.TestScenario1" time="100.103" errors="0" timestamp="2023-08-09T18:26:42 IST" skipped="0">
  <testcase classname="lambdaTest.TestScenario1" name="formDemo" time="19.254"/>
  <system-out/>
  <testcase classname="lambdaTest.TestScenario1" name="formDemo" time="10.357"/>
  <system-out/>
  <testcase classname="lambdaTest.TestScenario1" name="formDemo" time="35.650"/>
  <system-out/>
  <testcase classname="lambdaTest.TestScenario1" name="formDemo" time="34.842"/>
  <system-out/>
</testsuite> <!-- lambdaTest.TestScenario1 -->
